{"level":"info","message":"Parameters 4 and 2 received for addition","service":"calculate-service"}
{"level":"info","message":"4 and 2 are valid numbers ","service":"calculate-service"}
{"level":"info","message":"Parameters 4 and 2 received for substraction","service":"calculate-service"}
{"level":"info","message":"4 and 2 are valid numbers ","service":"calculate-service"}
{"level":"info","message":"Parameters 4 and 2 received for multiplication","service":"calculate-service"}
{"level":"info","message":"4 and 2 are valid numbers ","service":"calculate-service"}
{"level":"info","message":"Parameters 4 and 2 received for division","service":"calculate-service"}
{"level":"info","message":"4 and 2 are valid numbers ","service":"calculate-service"}
{"level":"info","message":"Parameters NaN and 2 received for division","service":"calculate-service"}
{"level":"error","message":"n1 is incorrect data","service":"calculate-service"}
{"level":"info","message":"Parameters 4 and NaN received for division","service":"calculate-service"}
{"level":"error","message":"n2 is incorrect data","service":"calculate-service"}
{"level":"info","message":"Parameters 2 and 3 received for exponentiation","service":"calculate-service"}
{"level":"info","message":"2 and 3 are valid numbers ","service":"calculate-service"}
{"level":"info","message":"Parameters 2 and NaN received for exponentiation","service":"calculate-service"}
{"level":"error","message":"n2 is incorrect data","service":"calculate-service"}
{"level":"info","message":"Parameters 2 and 4 received for exponentiation","service":"calculate-service"}
{"level":"info","message":"2 and 4 are valid numbers ","service":"calculate-service"}
{"level":"info","message":"Parameter 2 received for square root","service":"calculate-service"}
{"level":"info","message":"2 and 0 are valid numbers ","service":"calculate-service"}
{"level":"info","message":"Parameter 25 received for square root","service":"calculate-service"}
{"level":"info","message":"25 and 0 are valid numbers ","service":"calculate-service"}
{"level":"info","message":"Parameters 4 and 2 received for modulo","service":"calculate-service"}
{"level":"info","message":"4 and 2 are valid numbers ","service":"calculate-service"}
{"level":"info","message":"Parameters 15 and 4 received for modulo","service":"calculate-service"}
{"level":"info","message":"15 and 4 are valid numbers ","service":"calculate-service"}
